<?xml version="1.0" encoding="UTF-8"?>
<!-- Generated by org.testng.reporters.JUnitReportReporter -->
<testsuite skipped="0" hostname="LIN19002705" name="tests.OneTest" tests="1" failures="0" timestamp="2023-02-05T20:47:28 IST" time="11.715" errors="0">
  <testcase name="testone" time="11.715" classname="tests.OneTest"/>
  <system-out/>
</testsuite> <!-- tests.OneTest -->
