<?xml version="1.0" encoding="UTF-8"?>
<!-- Generated by org.testng.reporters.JUnitReportReporter -->
<testsuite hostname="LIN19002705" failures="0" tests="1" name="runner.Runner" time="18.911" errors="0" timestamp="2023-02-07T12:33:28 IST" skipped="0">
  <testcase classname="runner.Runner" name="runScenario" time="18.911"/>
  <system-out/>
</testsuite> <!-- runner.Runner -->
