<?xml version="1.0" encoding="UTF-8"?>
<!-- Generated by org.testng.reporters.JUnitReportReporter -->
<testsuite skipped="0" hostname="LIN19002705" name="runner.Runner" tests="1" failures="0" timestamp="2023-02-06T13:52:31 IST" time="15.954" errors="0">
  <testcase name="runScenario" time="15.954" classname="runner.Runner"/>
  <system-out/>
</testsuite> <!-- runner.Runner -->
