<?xml version="1.0" encoding="UTF-8"?>
<!-- Generated by org.testng.reporters.JUnitReportReporter -->
<testsuite skipped="0" hostname="LIN19002705" name="tests.OneTest" tests="1" failures="0" timestamp="2023-01-31T02:06:19 IST" time="0.001" errors="0">
  <testcase name="testone" time="0.001" classname="tests.OneTest"/>
  <system-out/>
</testsuite> <!-- tests.OneTest -->
