<?xml version="1.0" encoding="UTF-8"?>
<!-- Generated by org.testng.reporters.JUnitReportReporter -->
<testsuite skipped="0" hostname="LIN19002705" name="tests.LoginTest" tests="2" failures="0" timestamp="2023-01-31T02:06:19 IST" time="25.573" errors="0">
  <testcase name="login" time="19.641" classname="tests.LoginTest"/>
  <system-out/>
  <testcase name="login" time="5.932" classname="tests.LoginTest"/>
  <system-out/>
</testsuite> <!-- tests.LoginTest -->
